<?xml version="1.0" encoding="UTF-8"?>
<!-- Generated by org.testng.reporters.JUnitReportReporter -->
<testsuite hostname="DESKTOP-ITSQRSV" failures="0" tests="3" name="com.End2End.Test_Regression.LoginPage" time="3.421" errors="0" timestamp="2022-12-23T14:42:58 IST" skipped="0">
  <testcase classname="com.End2End.Test_Regression.LoginPage" name="missing_loginDetails" time="1.398"/>
  <system-out/>
  <testcase classname="com.End2End.Test_Regression.LoginPage" name="missingEmail" time="0.998"/>
  <system-out/>
  <testcase classname="com.End2End.Test_Regression.LoginPage" name="missingpassword" time="1.025"/>
  <system-out/>
</testsuite> <!-- com.End2End.Test_Regression.LoginPage -->
